kotlin version: 2.0.0
error message: java.lang.NoClassDefFoundError: com/google/common/collect/ImmutableList
	at androidx.room.solver.TypeAdapterStore.findQueryResultAdapter(TypeAdapterStore.kt:554)
	at androidx.room.solver.binderprovider.CoroutineFlowResultBinderProviderImpl.provide(CoroutineFlowResultBinderProvider.kt:57)
	at androidx.room.solver.binderprovider.QueryResultBinderProviderWithRequiredArtifact.provide(QueryResultBinderProviderWithRequiredArtifact.kt:55)
	at androidx.room.solver.TypeAdapterStore.findQueryResultBinder(TypeAdapterStore.kt:458)
	at androidx.room.solver.TypeAdapterStore.findQueryResultBinder(TypeAdapterStore.kt:448)
	at androidx.room.processor.DefaultMethodProcessorDelegate.findResultBinder(MethodProcessorDelegate.kt:174)
	at androidx.room.processor.InternalQueryProcessor.getQueryMethod(QueryMethodProcessor.kt:217)
	at androidx.room.processor.InternalQueryProcessor.processQuery(QueryMethodProcessor.kt:145)
	at androidx.room.processor.QueryMethodProcessor$process$1.invoke(QueryMethodProcessor.kt:72)
	at androidx.room.processor.QueryMethodProcessor$process$1.invoke(QueryMethodProcessor.kt:66)
	at androidx.room.processor.Context.collectLogs(Context.kt:192)
	at androidx.room.processor.QueryMethodProcessor.process(QueryMethodProcessor.kt:66)
	at androidx.room.processor.DaoProcessor.process(DaoProcessor.kt:134)
	at androidx.room.processor.DatabaseProcessor$doProcess$daoMethods$3.invoke(DatabaseProcessor.kt:122)
	at androidx.room.processor.DatabaseProcessor$doProcess$daoMethods$3.invoke(DatabaseProcessor.kt:96)
	at kotlin.sequences.TransformingSequence$iterator$1.next(Sequences.kt:210)
	at kotlin.sequences.FilteringSequence$iterator$1.calcNext(Sequences.kt:170)
	at kotlin.sequences.FilteringSequence$iterator$1.hasNext(Sequences.kt:194)
	at kotlin.sequences.SequencesKt___SequencesKt.toList(_Sequences.kt:813)
	at androidx.room.processor.DatabaseProcessor.doProcess(DatabaseProcessor.kt:125)
	at androidx.room.processor.DatabaseProcessor.process(DatabaseProcessor.kt:60)
	at androidx.room.DatabaseProcessingStep$process$databases$1$1.invoke(DatabaseProcessingStep.kt:68)
	at androidx.room.DatabaseProcessingStep$process$databases$1$1.invoke(DatabaseProcessingStep.kt:64)
	at androidx.room.processor.Context.collectLogs(Context.kt:192)
	at androidx.room.DatabaseProcessingStep.process(DatabaseProcessingStep.kt:64)
	at androidx.room.compiler.processing.CommonProcessorDelegate.processRound(XBasicAnnotationProcessor.kt:130)
	at androidx.room.compiler.processing.ksp.KspBasicAnnotationProcessor.process(KspBasicAnnotationProcessor.kt:62)
	at com.google.devtools.ksp.AbstractKotlinSymbolProcessingExtension$doAnalysis$8$1.invoke(KotlinSymbolProcessingExtension.kt:310)
	at com.google.devtools.ksp.AbstractKotlinSymbolProcessingExtension$doAnalysis$8$1.invoke(KotlinSymbolProcessingExtension.kt:308)
	at com.google.devtools.ksp.AbstractKotlinSymbolProcessingExtension.handleException(KotlinSymbolProcessingExtension.kt:414)
	at com.google.devtools.ksp.AbstractKotlinSymbolProcessingExtension.doAnalysis(KotlinSymbolProcessingExtension.kt:308)
	at org.jetbrains.kotlin.cli.jvm.compiler.TopDownAnalyzerFacadeForJVM.analyzeFilesWithJavaIntegration(TopDownAnalyzerFacadeForJVM.kt:112)
	at org.jetbrains.kotlin.cli.jvm.compiler.TopDownAnalyzerFacadeForJVM.analyzeFilesWithJavaIntegration$default(TopDownAnalyzerFacadeForJVM.kt:75)
	at org.jetbrains.kotlin.cli.jvm.compiler.KotlinToJVMBytecodeCompiler.analyze$lambda$12(KotlinToJVMBytecodeCompiler.kt:373)
	at org.jetbrains.kotlin.cli.common.messages.AnalyzerWithCompilerReport.analyzeAndReport(AnalyzerWithCompilerReport.kt:115)
	at org.jetbrains.kotlin.cli.jvm.compiler.KotlinToJVMBytecodeCompiler.analyze(KotlinToJVMBytecodeCompiler.kt:364)
	at org.jetbrains.kotlin.cli.jvm.compiler.KotlinToJVMBytecodeCompiler.runFrontendAndGenerateIrUsingClassicFrontend(KotlinToJVMBytecodeCompiler.kt:195)
	at org.jetbrains.kotlin.cli.jvm.compiler.KotlinToJVMBytecodeCompiler.compileModules$cli(KotlinToJVMBytecodeCompiler.kt:106)
	at org.jetbrains.kotlin.cli.jvm.K2JVMCompiler.doExecute(K2JVMCompiler.kt:176)
	at org.jetbrains.kotlin.cli.jvm.K2JVMCompiler.doExecute(K2JVMCompiler.kt:50)
	at org.jetbrains.kotlin.cli.common.CLICompiler.execImpl(CLICompiler.kt:104)
	at org.jetbrains.kotlin.cli.common.CLICompiler.execImpl(CLICompiler.kt:48)
	at org.jetbrains.kotlin.cli.common.CLITool.exec(CLITool.kt:101)
	at org.jetbrains.kotlin.daemon.CompileServiceImpl.compile(CompileServiceImpl.kt:1556)
	at jdk.internal.reflect.GeneratedMethodAccessor92.invoke(Unknown Source)
	at java.base/jdk.internal.reflect.DelegatingMethodAccessorImpl.invoke(Unknown Source)
	at java.base/java.lang.reflect.Method.invoke(Unknown Source)
	at java.rmi/sun.rmi.server.UnicastServerRef.dispatch(Unknown Source)
	at java.rmi/sun.rmi.transport.Transport$1.run(Unknown Source)
	at java.rmi/sun.rmi.transport.Transport$1.run(Unknown Source)
	at java.base/java.security.AccessController.doPrivileged(Unknown Source)
	at java.rmi/sun.rmi.transport.Transport.serviceCall(Unknown Source)
	at java.rmi/sun.rmi.transport.tcp.TCPTransport.handleMessages(Unknown Source)
	at java.rmi/sun.rmi.transport.tcp.TCPTransport$ConnectionHandler.run0(Unknown Source)
	at java.rmi/sun.rmi.transport.tcp.TCPTransport$ConnectionHandler.lambda$run$0(Unknown Source)
	at java.base/java.security.AccessController.doPrivileged(Unknown Source)
	at java.rmi/sun.rmi.transport.tcp.TCPTransport$ConnectionHandler.run(Unknown Source)
	at java.base/java.util.concurrent.ThreadPoolExecutor.runWorker(Unknown Source)
	at java.base/java.util.concurrent.ThreadPoolExecutor$Worker.run(Unknown Source)
	at java.base/java.lang.Thread.run(Unknown Source)
Caused by: java.lang.ClassNotFoundException: com.google.common.collect.ImmutableList
	at java.base/java.net.URLClassLoader.findClass(Unknown Source)
	at java.base/java.lang.ClassLoader.loadClass(Unknown Source)
	at java.base/java.lang.ClassLoader.loadClass(Unknown Source)
	... 60 more


